<?xml version="1.0" encoding="UTF-8" ?>
<testsuites name="vitest tests" tests="10" failures="7" errors="0" time="6.234">
    <testsuite name="src/__tests__/Dashboard.test.jsx" timestamp="2025-08-14T06:18:49.673Z" hostname="Brians-MacBook-Pro.local" tests="1" failures="1" errors="0" skipped="0" time="0.079">
        <testcase classname="src/__tests__/Dashboard.test.jsx" name="Dashboard &gt; renders title and buttons" time="0.078">
            <system-err>
Warning: `ReactDOMTestUtils.act` is deprecated in favor of `React.act`. Import `act` from `react` instead of `react-dom/test-utils`. See https://react.dev/warnings/react-dom-test-utils for more info.
⚠️ React Router Future Flag Warning: React Router will begin wrapping state updates in `React.startTransition` in v7. You can use the `v7_startTransition` future flag to opt-in early. For more information, see https://reactrouter.com/v6/upgrading/future#v7_starttransition.
⚠️ React Router Future Flag Warning: Relative route resolution within Splat routes is changing in v7. You can use the `v7_relativeSplatPath` future flag to opt-in early. For more information, see https://reactrouter.com/v6/upgrading/future#v7_relativesplatpath.
Error: Uncaught [Error: could not find react-redux context value; please ensure the component is wrapped in a &lt;Provider&gt;]
    at reportException (/Users/brianlong/Documents/GitHub/intelgraph/client/node_modules/jsdom/lib/jsdom/living/helpers/runtime-script-errors.js:66:24)
    at innerInvokeEventListeners (/Users/brianlong/Documents/GitHub/intelgraph/client/node_modules/jsdom/lib/jsdom/living/events/EventTarget-impl.js:353:9)
    at invokeEventListeners (/Users/brianlong/Documents/GitHub/intelgraph/client/node_modules/jsdom/lib/jsdom/living/events/EventTarget-impl.js:286:3)
    at HTMLUnknownElementImpl._dispatch (/Users/brianlong/Documents/GitHub/intelgraph/client/node_modules/jsdom/lib/jsdom/living/events/EventTarget-impl.js:233:9)
    at HTMLUnknownElementImpl.dispatchEvent (/Users/brianlong/Documents/GitHub/intelgraph/client/node_modules/jsdom/lib/jsdom/living/events/EventTarget-impl.js:104:17)
    at HTMLUnknownElement.dispatchEvent (/Users/brianlong/Documents/GitHub/intelgraph/client/node_modules/jsdom/lib/jsdom/living/generated/EventTarget.js:241:34)
    at Object.invokeGuardedCallbackDev (/Users/brianlong/Documents/GitHub/intelgraph/client/node_modules/react-dom/cjs/react-dom.development.js:4213:16)
    at invokeGuardedCallback (/Users/brianlong/Documents/GitHub/intelgraph/client/node_modules/react-dom/cjs/react-dom.development.js:4277:31)
    at beginWork$1 (/Users/brianlong/Documents/GitHub/intelgraph/client/node_modules/react-dom/cjs/react-dom.development.js:27490:7)
    at performUnitOfWork (/Users/brianlong/Documents/GitHub/intelgraph/client/node_modules/react-dom/cjs/react-dom.development.js:26599:12) Error: could not find react-redux context value; please ensure the component is wrapped in a &lt;Provider&gt;
    at useReduxContext [90m(/Users/brianlong/Documents/GitHub/intelgraph/client/[39mnode_modules/[4mreact-redux[24m/lib/hooks/useReduxContext.js:23:13[90m)[39m
    at useStore [90m(/Users/brianlong/Documents/GitHub/intelgraph/client/[39mnode_modules/[4mreact-redux[24m/lib/hooks/useStore.js:24:9[90m)[39m
    at Proxy.useDispatch [90m(/Users/brianlong/Documents/GitHub/intelgraph/client/[39mnode_modules/[4mreact-redux[24m/lib/hooks/useDispatch.js:21:19[90m)[39m
    at OnboardingTour [90m(/Users/brianlong/Documents/GitHub/intelgraph/client/[39msrc/components/onboarding/OnboardingTour.jsx:250:20[90m)[39m
    at renderWithHooks [90m(/Users/brianlong/Documents/GitHub/intelgraph/client/[39mnode_modules/[4mreact-dom[24m/cjs/react-dom.development.js:15486:18[90m)[39m
    at mountIndeterminateComponent [90m(/Users/brianlong/Documents/GitHub/intelgraph/client/[39mnode_modules/[4mreact-dom[24m/cjs/react-dom.development.js:20103:13[90m)[39m
    at beginWork [90m(/Users/brianlong/Documents/GitHub/intelgraph/client/[39mnode_modules/[4mreact-dom[24m/cjs/react-dom.development.js:21626:16[90m)[39m
    at HTMLUnknownElement.callCallback [90m(/Users/brianlong/Documents/GitHub/intelgraph/client/[39mnode_modules/[4mreact-dom[24m/cjs/react-dom.development.js:4164:14[90m)[39m
    at HTMLUnknownElement.callTheUserObjectsOperation [90m(/Users/brianlong/Documents/GitHub/intelgraph/client/[39mnode_modules/[4mjsdom[24m/lib/jsdom/living/generated/EventListener.js:26:30[90m)[39m
    at innerInvokeEventListeners [90m(/Users/brianlong/Documents/GitHub/intelgraph/client/[39mnode_modules/[4mjsdom[24m/lib/jsdom/living/events/EventTarget-impl.js:350:25[90m)[39m
Error: Uncaught [Error: could not find react-redux context value; please ensure the component is wrapped in a &lt;Provider&gt;]
    at reportException (/Users/brianlong/Documents/GitHub/intelgraph/client/node_modules/jsdom/lib/jsdom/living/helpers/runtime-script-errors.js:66:24)
    at innerInvokeEventListeners (/Users/brianlong/Documents/GitHub/intelgraph/client/node_modules/jsdom/lib/jsdom/living/events/EventTarget-impl.js:353:9)
    at invokeEventListeners (/Users/brianlong/Documents/GitHub/intelgraph/client/node_modules/jsdom/lib/jsdom/living/events/EventTarget-impl.js:286:3)
    at HTMLUnknownElementImpl._dispatch (/Users/brianlong/Documents/GitHub/intelgraph/client/node_modules/jsdom/lib/jsdom/living/events/EventTarget-impl.js:233:9)
    at HTMLUnknownElementImpl.dispatchEvent (/Users/brianlong/Documents/GitHub/intelgraph/client/node_modules/jsdom/lib/jsdom/living/events/EventTarget-impl.js:104:17)
    at HTMLUnknownElement.dispatchEvent (/Users/brianlong/Documents/GitHub/intelgraph/client/node_modules/jsdom/lib/jsdom/living/generated/EventTarget.js:241:34)
    at Object.invokeGuardedCallbackDev (/Users/brianlong/Documents/GitHub/intelgraph/client/node_modules/react-dom/cjs/react-dom.development.js:4213:16)
    at invokeGuardedCallback (/Users/brianlong/Documents/GitHub/intelgraph/client/node_modules/react-dom/cjs/react-dom.development.js:4277:31)
    at beginWork$1 (/Users/brianlong/Documents/GitHub/intelgraph/client/node_modules/react-dom/cjs/react-dom.development.js:27490:7)
    at performUnitOfWork (/Users/brianlong/Documents/GitHub/intelgraph/client/node_modules/react-dom/cjs/react-dom.development.js:26599:12) Error: could not find react-redux context value; please ensure the component is wrapped in a &lt;Provider&gt;
    at useReduxContext [90m(/Users/brianlong/Documents/GitHub/intelgraph/client/[39mnode_modules/[4mreact-redux[24m/lib/hooks/useReduxContext.js:23:13[90m)[39m
    at useStore [90m(/Users/brianlong/Documents/GitHub/intelgraph/client/[39mnode_modules/[4mreact-redux[24m/lib/hooks/useStore.js:24:9[90m)[39m
    at Proxy.useDispatch [90m(/Users/brianlong/Documents/GitHub/intelgraph/client/[39mnode_modules/[4mreact-redux[24m/lib/hooks/useDispatch.js:21:19[90m)[39m
    at OnboardingTour [90m(/Users/brianlong/Documents/GitHub/intelgraph/client/[39msrc/components/onboarding/OnboardingTour.jsx:250:20[90m)[39m
    at renderWithHooks [90m(/Users/brianlong/Documents/GitHub/intelgraph/client/[39mnode_modules/[4mreact-dom[24m/cjs/react-dom.development.js:15486:18[90m)[39m
    at mountIndeterminateComponent [90m(/Users/brianlong/Documents/GitHub/intelgraph/client/[39mnode_modules/[4mreact-dom[24m/cjs/react-dom.development.js:20103:13[90m)[39m
    at beginWork [90m(/Users/brianlong/Documents/GitHub/intelgraph/client/[39mnode_modules/[4mreact-dom[24m/cjs/react-dom.development.js:21626:16[90m)[39m
    at HTMLUnknownElement.callCallback [90m(/Users/brianlong/Documents/GitHub/intelgraph/client/[39mnode_modules/[4mreact-dom[24m/cjs/react-dom.development.js:4164:14[90m)[39m
    at HTMLUnknownElement.callTheUserObjectsOperation [90m(/Users/brianlong/Documents/GitHub/intelgraph/client/[39mnode_modules/[4mjsdom[24m/lib/jsdom/living/generated/EventListener.js:26:30[90m)[39m
    at innerInvokeEventListeners [90m(/Users/brianlong/Documents/GitHub/intelgraph/client/[39mnode_modules/[4mjsdom[24m/lib/jsdom/living/events/EventTarget-impl.js:350:25[90m)[39m
The above error occurred in the &lt;OnboardingTour&gt; component:

    at OnboardingTour (/Users/brianlong/Documents/GitHub/intelgraph/client/src/components/onboarding/OnboardingTour.jsx:253:27)
    at div
    at /Users/brianlong/Documents/GitHub/intelgraph/client/node_modules/@emotion/react/dist/emotion-element-a1829a1e.cjs.js:58:23
    at Box (/Users/brianlong/Documents/GitHub/intelgraph/client/node_modules/@mui/system/createBox.js:31:41)
    at Dashboard (/Users/brianlong/Documents/GitHub/intelgraph/client/src/components/dashboard/Dashboard.jsx:20:42)
    at Router (/Users/brianlong/Documents/GitHub/intelgraph/client/node_modules/react-router/dist/umd/react-router.development.js:1207:17)
    at MemoryRouter (/Users/brianlong/Documents/GitHub/intelgraph/client/node_modules/react-router/dist/umd/react-router.development.js:1101:7)
    at ApolloProvider (/Users/brianlong/Documents/GitHub/intelgraph/client/node_modules/@apollo/client/react/context/context.cjs:50:21)
    at MockedProvider (/Users/brianlong/Documents/GitHub/intelgraph/client/node_modules/@apollo/client/testing/testing.cjs:30:28)

Consider adding an error boundary to your tree to customize error handling behavior.
Visit https://reactjs.org/link/error-boundaries to learn more about error boundaries.

            </system-err>
            <failure message="could not find react-redux context value; please ensure the component is wrapped in a &lt;Provider&gt;" type="Error">
Error: could not find react-redux context value; please ensure the component is wrapped in a &lt;Provider&gt;
 ❯ useReduxContext node_modules/react-redux/lib/hooks/useReduxContext.js:23:13
 ❯ useStore node_modules/react-redux/lib/hooks/useStore.js:24:9
 ❯ Proxy.useDispatch node_modules/react-redux/lib/hooks/useDispatch.js:21:19
 ❯ OnboardingTour src/components/onboarding/OnboardingTour.jsx:250:20
 ❯ renderWithHooks node_modules/react-dom/cjs/react-dom.development.js:15486:18
 ❯ mountIndeterminateComponent node_modules/react-dom/cjs/react-dom.development.js:20103:13
 ❯ beginWork node_modules/react-dom/cjs/react-dom.development.js:21626:16
 ❯ beginWork$1 node_modules/react-dom/cjs/react-dom.development.js:27465:14
 ❯ performUnitOfWork node_modules/react-dom/cjs/react-dom.development.js:26599:12
 ❯ workLoopSync node_modules/react-dom/cjs/react-dom.development.js:26505:5
            </failure>
        </testcase>
    </testsuite>
    <testsuite name="src/__tests__/ServiceHealthCard.test.jsx" timestamp="2025-08-14T06:18:49.675Z" hostname="Brians-MacBook-Pro.local" tests="1" failures="0" errors="0" skipped="0" time="0.06">
        <testcase classname="src/__tests__/ServiceHealthCard.test.jsx" name="ServiceHealthCard &gt; renders service statuses from /health" time="0.059">
            <system-err>
Warning: `ReactDOMTestUtils.act` is deprecated in favor of `React.act`. Import `act` from `react` instead of `react-dom/test-utils`. See https://react.dev/warnings/react-dom-test-utils for more info.

            </system-err>
        </testcase>
    </testsuite>
    <testsuite name="src/__tests__/smoke.test.jsx" timestamp="2025-08-14T06:18:49.675Z" hostname="Brians-MacBook-Pro.local" tests="1" failures="0" errors="0" skipped="0" time="0.03">
        <testcase classname="src/__tests__/smoke.test.jsx" name="renders IntelGraph platform" time="0.028">
            <system-err>
Warning: `ReactDOMTestUtils.act` is deprecated in favor of `React.act`. Import `act` from `react` instead of `react-dom/test-utils`. See https://react.dev/warnings/react-dom-test-utils for more info.

            </system-err>
        </testcase>
    </testsuite>
    <testsuite name="src/tests/CopilotGoals.test.jsx" timestamp="2025-08-14T06:18:49.675Z" hostname="Brians-MacBook-Pro.local" tests="1" failures="1" errors="0" skipped="0" time="0">
        <testcase classname="src/tests/CopilotGoals.test.jsx" name="src/tests/CopilotGoals.test.jsx" time="0">
            <failure message="Failed to resolve import &quot;../__mocks__/copilotGoalsMocks&quot; from &quot;src/tests/CopilotGoals.test.jsx&quot;. Does the file exist?" type="Error">
Error: Failed to resolve import &quot;../__mocks__/copilotGoalsMocks&quot; from &quot;src/tests/CopilotGoals.test.jsx&quot;. Does the file exist?
 ❯ formatError node_modules/vite/dist/node/chunks/dep-827b23df.js:44066:46
 ❯ TransformContext.error node_modules/vite/dist/node/chunks/dep-827b23df.js:44062:19
 ❯ normalizeUrl node_modules/vite/dist/node/chunks/dep-827b23df.js:41845:33
 ❯ async file:/Users/brianlong/Documents/GitHub/intelgraph/client/node_modules/vite/dist/node/chunks/dep-827b23df.js:41999:47
 ❯ TransformContext.transform node_modules/vite/dist/node/chunks/dep-827b23df.js:41915:13
 ❯ Object.transform node_modules/vite/dist/node/chunks/dep-827b23df.js:44356:30
 ❯ loadAndTransform node_modules/vite/dist/node/chunks/dep-827b23df.js:55088:29
            </failure>
        </testcase>
    </testsuite>
    <testsuite name="src/tests/CopilotRunPanel.test.jsx" timestamp="2025-08-14T06:18:49.675Z" hostname="Brians-MacBook-Pro.local" tests="1" failures="1" errors="0" skipped="0" time="0">
        <testcase classname="src/tests/CopilotRunPanel.test.jsx" name="src/tests/CopilotRunPanel.test.jsx" time="0">
            <failure message="Failed to resolve import &quot;../../components/ai/CopilotRunPanel.jsx&quot; from &quot;src/tests/CopilotRunPanel.test.jsx&quot;. Does the file exist?" type="Error">
Error: Failed to resolve import &quot;../../components/ai/CopilotRunPanel.jsx&quot; from &quot;src/tests/CopilotRunPanel.test.jsx&quot;. Does the file exist?
 ❯ formatError node_modules/vite/dist/node/chunks/dep-827b23df.js:44066:46
 ❯ TransformContext.error node_modules/vite/dist/node/chunks/dep-827b23df.js:44062:19
 ❯ normalizeUrl node_modules/vite/dist/node/chunks/dep-827b23df.js:41845:33
 ❯ async file:/Users/brianlong/Documents/GitHub/intelgraph/client/node_modules/vite/dist/node/chunks/dep-827b23df.js:41999:47
 ❯ TransformContext.transform node_modules/vite/dist/node/chunks/dep-827b23df.js:41915:13
 ❯ Object.transform node_modules/vite/dist/node/chunks/dep-827b23df.js:44356:30
 ❯ loadAndTransform node_modules/vite/dist/node/chunks/dep-827b23df.js:55088:29
            </failure>
        </testcase>
    </testsuite>
    <testsuite name="src/tests/EnhancedGraphExplorer.test.jsx" timestamp="2025-08-14T06:18:49.676Z" hostname="Brians-MacBook-Pro.local" tests="1" failures="1" errors="0" skipped="0" time="0">
        <testcase classname="src/tests/EnhancedGraphExplorer.test.jsx" name="src/tests/EnhancedGraphExplorer.test.jsx" time="0">
            <failure message="regeneratorRuntime is not defined" type="ReferenceError">
ReferenceError: regeneratorRuntime is not defined
 ❯ node_modules/react-speech-recognition/lib/RecognitionManager.js:247:61
 ❯ node_modules/react-speech-recognition/lib/RecognitionManager.js:332:6
 ❯ Object.&lt;anonymous&gt; node_modules/react-speech-recognition/lib/RecognitionManager.js:452:2
 ❯ TracingChannel.traceSync node:diagnostics_channel:322:14
            </failure>
        </testcase>
    </testsuite>
    <testsuite name="tests/e2e/enrichment.spec.ts" timestamp="2025-08-14T06:18:49.676Z" hostname="Brians-MacBook-Pro.local" tests="1" failures="1" errors="0" skipped="0" time="0">
        <testcase classname="tests/e2e/enrichment.spec.ts" name="tests/e2e/enrichment.spec.ts" time="0">
            <failure message="Playwright Test did not expect test() to be called here.
Most common reasons include:
- You are calling test() in a configuration file.
- You are calling test() in a file that is imported by the configuration file.
- You have two different versions of @playwright/test. This usually happens
  when one of the dependencies in your package.json depends on @playwright/test." type="Error">
Error: Playwright Test did not expect test() to be called here.
Most common reasons include:
- You are calling test() in a configuration file.
- You are calling test() in a file that is imported by the configuration file.
- You have two different versions of @playwright/test. This usually happens
  when one of the dependencies in your package.json depends on @playwright/test.
 ❯ TestTypeImpl._currentSuite node_modules/playwright/lib/common/testType.js:74:13
 ❯ TestTypeImpl._createTest node_modules/playwright/lib/common/testType.js:87:24
 ❯ Module.&lt;anonymous&gt; node_modules/playwright/lib/transform/transform.js:275:12
 ❯ tests/e2e/enrichment.spec.ts:3:1
            </failure>
        </testcase>
    </testsuite>
    <testsuite name="tests/e2e/relationships.spec.ts" timestamp="2025-08-14T06:18:49.677Z" hostname="Brians-MacBook-Pro.local" tests="1" failures="1" errors="0" skipped="0" time="0">
        <testcase classname="tests/e2e/relationships.spec.ts" name="tests/e2e/relationships.spec.ts" time="0">
            <failure message="Playwright Test did not expect test() to be called here.
Most common reasons include:
- You are calling test() in a configuration file.
- You are calling test() in a file that is imported by the configuration file.
- You have two different versions of @playwright/test. This usually happens
  when one of the dependencies in your package.json depends on @playwright/test." type="Error">
Error: Playwright Test did not expect test() to be called here.
Most common reasons include:
- You are calling test() in a configuration file.
- You are calling test() in a file that is imported by the configuration file.
- You have two different versions of @playwright/test. This usually happens
  when one of the dependencies in your package.json depends on @playwright/test.
 ❯ TestTypeImpl._currentSuite node_modules/playwright/lib/common/testType.js:74:13
 ❯ TestTypeImpl._createTest node_modules/playwright/lib/common/testType.js:87:24
 ❯ Module.&lt;anonymous&gt; node_modules/playwright/lib/transform/transform.js:275:12
 ❯ tests/e2e/relationships.spec.ts:3:1
            </failure>
        </testcase>
    </testsuite>
    <testsuite name="src/components/graph/__tests__/AIInsightsPanel.test.jsx" timestamp="2025-08-14T06:18:49.677Z" hostname="Brians-MacBook-Pro.local" tests="1" failures="0" errors="0" skipped="0" time="0.062">
        <testcase classname="src/components/graph/__tests__/AIInsightsPanel.test.jsx" name="renders placeholder when nothing selected" time="0.061">
            <system-err>
Warning: `ReactDOMTestUtils.act` is deprecated in favor of `React.act`. Import `act` from `react` instead of `react-dom/test-utils`. See https://react.dev/warnings/react-dom-test-utils for more info.

            </system-err>
        </testcase>
    </testsuite>
    <testsuite name="src/components/graph/__tests__/GraphContextMenu.test.jsx" timestamp="2025-08-14T06:18:49.677Z" hostname="Brians-MacBook-Pro.local" tests="1" failures="1" errors="0" skipped="0" time="0.028">
        <testcase classname="src/components/graph/__tests__/GraphContextMenu.test.jsx" name="shows menu items when open" time="0.027">
            <system-err>
Warning: `ReactDOMTestUtils.act` is deprecated in favor of `React.act`. Import `act` from `react` instead of `react-dom/test-utils`. See https://react.dev/warnings/react-dom-test-utils for more info.
Error: Uncaught [Invariant Violation: An error occurred! For more details, see the full error text at https://go.apollo.dev/c/err#%7B%22version%22%3A%223.13.9%22%2C%22message%22%3A58%2C%22args%22%3A%5B%5D%7D]
    at reportException (/Users/brianlong/Documents/GitHub/intelgraph/client/node_modules/jsdom/lib/jsdom/living/helpers/runtime-script-errors.js:66:24)
    at innerInvokeEventListeners (/Users/brianlong/Documents/GitHub/intelgraph/client/node_modules/jsdom/lib/jsdom/living/events/EventTarget-impl.js:353:9)
    at invokeEventListeners (/Users/brianlong/Documents/GitHub/intelgraph/client/node_modules/jsdom/lib/jsdom/living/events/EventTarget-impl.js:286:3)
    at HTMLUnknownElementImpl._dispatch (/Users/brianlong/Documents/GitHub/intelgraph/client/node_modules/jsdom/lib/jsdom/living/events/EventTarget-impl.js:233:9)
    at HTMLUnknownElementImpl.dispatchEvent (/Users/brianlong/Documents/GitHub/intelgraph/client/node_modules/jsdom/lib/jsdom/living/events/EventTarget-impl.js:104:17)
    at HTMLUnknownElement.dispatchEvent (/Users/brianlong/Documents/GitHub/intelgraph/client/node_modules/jsdom/lib/jsdom/living/generated/EventTarget.js:241:34)
    at Object.invokeGuardedCallbackDev (/Users/brianlong/Documents/GitHub/intelgraph/client/node_modules/react-dom/cjs/react-dom.development.js:4213:16)
    at invokeGuardedCallback (/Users/brianlong/Documents/GitHub/intelgraph/client/node_modules/react-dom/cjs/react-dom.development.js:4277:31)
    at beginWork$1 (/Users/brianlong/Documents/GitHub/intelgraph/client/node_modules/react-dom/cjs/react-dom.development.js:27490:7)
    at performUnitOfWork (/Users/brianlong/Documents/GitHub/intelgraph/client/node_modules/react-dom/cjs/react-dom.development.js:26599:12) Invariant Violation: An error occurred! For more details, see the full error text at https://go.apollo.dev/c/err#%7B%22version%22%3A%223.13.9%22%2C%22message%22%3A58%2C%22args%22%3A%5B%5D%7D
    at new InvariantError [90m(/Users/brianlong/Documents/GitHub/intelgraph/client/[39mnode_modules/[4mts-invariant[24m/lib/invariant.js:11:28[90m)[39m
    at Object.originalInvariant [as invariant] [90m(/Users/brianlong/Documents/GitHub/intelgraph/client/[39mnode_modules/[4mts-invariant[24m/lib/invariant.js:24:15[90m)[39m
    at Object.invariant [90m(/Users/brianlong/Documents/GitHub/intelgraph/client/[39mnode_modules/[4m@apollo[24m/client/utilities/globals/invariantWrappers.js:28:9[90m)[39m
    at useApolloClient [90m(/Users/brianlong/Documents/GitHub/intelgraph/client/[39mnode_modules/[4m@apollo[24m/client/react/hooks/useApolloClient.js:22:5[90m)[39m
    at Proxy.useMutation [90m(/Users/brianlong/Documents/GitHub/intelgraph/client/[39mnode_modules/[4m@apollo[24m/client/react/hooks/useMutation.js:57:18[90m)[39m
    at GraphContextMenu [90m(/Users/brianlong/Documents/GitHub/intelgraph/client/[39msrc/components/graph/GraphContextMenu.jsx:15:20[90m)[39m
    at renderWithHooks [90m(/Users/brianlong/Documents/GitHub/intelgraph/client/[39mnode_modules/[4mreact-dom[24m/cjs/react-dom.development.js:15486:18[90m)[39m
    at mountIndeterminateComponent [90m(/Users/brianlong/Documents/GitHub/intelgraph/client/[39mnode_modules/[4mreact-dom[24m/cjs/react-dom.development.js:20103:13[90m)[39m
    at beginWork [90m(/Users/brianlong/Documents/GitHub/intelgraph/client/[39mnode_modules/[4mreact-dom[24m/cjs/react-dom.development.js:21626:16[90m)[39m
    at HTMLUnknownElement.callCallback [90m(/Users/brianlong/Documents/GitHub/intelgraph/client/[39mnode_modules/[4mreact-dom[24m/cjs/react-dom.development.js:4164:14[90m)[39m {
  framesToPop: [33m1[39m
}
Error: Uncaught [Invariant Violation: An error occurred! For more details, see the full error text at https://go.apollo.dev/c/err#%7B%22version%22%3A%223.13.9%22%2C%22message%22%3A58%2C%22args%22%3A%5B%5D%7D]
    at reportException (/Users/brianlong/Documents/GitHub/intelgraph/client/node_modules/jsdom/lib/jsdom/living/helpers/runtime-script-errors.js:66:24)
    at innerInvokeEventListeners (/Users/brianlong/Documents/GitHub/intelgraph/client/node_modules/jsdom/lib/jsdom/living/events/EventTarget-impl.js:353:9)
    at invokeEventListeners (/Users/brianlong/Documents/GitHub/intelgraph/client/node_modules/jsdom/lib/jsdom/living/events/EventTarget-impl.js:286:3)
    at HTMLUnknownElementImpl._dispatch (/Users/brianlong/Documents/GitHub/intelgraph/client/node_modules/jsdom/lib/jsdom/living/events/EventTarget-impl.js:233:9)
    at HTMLUnknownElementImpl.dispatchEvent (/Users/brianlong/Documents/GitHub/intelgraph/client/node_modules/jsdom/lib/jsdom/living/events/EventTarget-impl.js:104:17)
    at HTMLUnknownElement.dispatchEvent (/Users/brianlong/Documents/GitHub/intelgraph/client/node_modules/jsdom/lib/jsdom/living/generated/EventTarget.js:241:34)
    at Object.invokeGuardedCallbackDev (/Users/brianlong/Documents/GitHub/intelgraph/client/node_modules/react-dom/cjs/react-dom.development.js:4213:16)
    at invokeGuardedCallback (/Users/brianlong/Documents/GitHub/intelgraph/client/node_modules/react-dom/cjs/react-dom.development.js:4277:31)
    at beginWork$1 (/Users/brianlong/Documents/GitHub/intelgraph/client/node_modules/react-dom/cjs/react-dom.development.js:27490:7)
    at performUnitOfWork (/Users/brianlong/Documents/GitHub/intelgraph/client/node_modules/react-dom/cjs/react-dom.development.js:26599:12) Invariant Violation: An error occurred! For more details, see the full error text at https://go.apollo.dev/c/err#%7B%22version%22%3A%223.13.9%22%2C%22message%22%3A58%2C%22args%22%3A%5B%5D%7D
    at new InvariantError [90m(/Users/brianlong/Documents/GitHub/intelgraph/client/[39mnode_modules/[4mts-invariant[24m/lib/invariant.js:11:28[90m)[39m
    at Object.originalInvariant [as invariant] [90m(/Users/brianlong/Documents/GitHub/intelgraph/client/[39mnode_modules/[4mts-invariant[24m/lib/invariant.js:24:15[90m)[39m
    at Object.invariant [90m(/Users/brianlong/Documents/GitHub/intelgraph/client/[39mnode_modules/[4m@apollo[24m/client/utilities/globals/invariantWrappers.js:28:9[90m)[39m
    at useApolloClient [90m(/Users/brianlong/Documents/GitHub/intelgraph/client/[39mnode_modules/[4m@apollo[24m/client/react/hooks/useApolloClient.js:22:5[90m)[39m
    at Proxy.useMutation [90m(/Users/brianlong/Documents/GitHub/intelgraph/client/[39mnode_modules/[4m@apollo[24m/client/react/hooks/useMutation.js:57:18[90m)[39m
    at GraphContextMenu [90m(/Users/brianlong/Documents/GitHub/intelgraph/client/[39msrc/components/graph/GraphContextMenu.jsx:15:20[90m)[39m
    at renderWithHooks [90m(/Users/brianlong/Documents/GitHub/intelgraph/client/[39mnode_modules/[4mreact-dom[24m/cjs/react-dom.development.js:15486:18[90m)[39m
    at mountIndeterminateComponent [90m(/Users/brianlong/Documents/GitHub/intelgraph/client/[39mnode_modules/[4mreact-dom[24m/cjs/react-dom.development.js:20103:13[90m)[39m
    at beginWork [90m(/Users/brianlong/Documents/GitHub/intelgraph/client/[39mnode_modules/[4mreact-dom[24m/cjs/react-dom.development.js:21626:16[90m)[39m
    at HTMLUnknownElement.callCallback [90m(/Users/brianlong/Documents/GitHub/intelgraph/client/[39mnode_modules/[4mreact-dom[24m/cjs/react-dom.development.js:4164:14[90m)[39m {
  framesToPop: [33m1[39m
}
The above error occurred in the &lt;GraphContextMenu&gt; component:

    at GraphContextMenu (/Users/brianlong/Documents/GitHub/intelgraph/client/src/components/graph/GraphContextMenu.jsx:16:42)
    at Provider (/Users/brianlong/Documents/GitHub/intelgraph/client/node_modules/react-redux/lib/components/Provider.js:19:3)

Consider adding an error boundary to your tree to customize error handling behavior.
Visit https://reactjs.org/link/error-boundaries to learn more about error boundaries.

            </system-err>
            <failure message="An error occurred! For more details, see the full error text at https://go.apollo.dev/c/err#%7B%22version%22%3A%223.13.9%22%2C%22message%22%3A58%2C%22args%22%3A%5B%5D%7D" type="Invariant Violation">
Invariant Violation: An error occurred! For more details, see the full error text at https://go.apollo.dev/c/err#%7B%22version%22%3A%223.13.9%22%2C%22message%22%3A58%2C%22args%22%3A%5B%5D%7D
 ❯ new InvariantError node_modules/ts-invariant/lib/invariant.js:11:28
 ❯ Object.originalInvariant [as invariant] node_modules/ts-invariant/lib/invariant.js:24:15
 ❯ Object.invariant node_modules/@apollo/client/utilities/globals/invariantWrappers.js:28:9
 ❯ useApolloClient node_modules/@apollo/client/react/hooks/useApolloClient.js:22:5
 ❯ Proxy.useMutation node_modules/@apollo/client/react/hooks/useMutation.js:57:18
 ❯ GraphContextMenu src/components/graph/GraphContextMenu.jsx:15:20
 ❯ renderWithHooks node_modules/react-dom/cjs/react-dom.development.js:15486:18
 ❯ mountIndeterminateComponent node_modules/react-dom/cjs/react-dom.development.js:20103:13
 ❯ beginWork node_modules/react-dom/cjs/react-dom.development.js:21626:16
 ❯ beginWork$1 node_modules/react-dom/cjs/react-dom.development.js:27465:14
            </failure>
        </testcase>
    </testsuite>
</testsuites>
